<?xml version="1.0" encoding="UTF-8"?>
<testng-results skipped="0" failed="0" ignored="0" total="1" passed="1">
  <reporter-output>
  </reporter-output>
  <suite name="Default suite" duration-ms="5547" started-at="2020-02-22T15:59:13Z" finished-at="2020-02-22T15:59:18Z">
    <groups>
    </groups>
    <test name="Default test" duration-ms="5547" started-at="2020-02-22T15:59:13Z" finished-at="2020-02-22T15:59:18Z">
      <class name="Tests.HomeTest">
        <test-method status="PASS" signature="StartDriver(java.lang.String)[pri:0, instance:Tests.HomeTest@7d9d1a19]" name="StartDriver" is-config="true" duration-ms="14427" started-at="2020-02-22T15:58:58Z" finished-at="2020-02-22T15:59:13Z">
          <params>
            <param index="0">
              <value>
                <![CDATA[chrome]]>
              </value>
            </param>
          </params>
          <reporter-output>
          </reporter-output>
        </test-method> <!-- StartDriver -->
        <test-method status="PASS" signature="NinjaStore()[pri:0, instance:Tests.HomeTest@7d9d1a19]" name="NinjaStore" duration-ms="5505" started-at="2020-02-22T15:59:13Z" finished-at="2020-02-22T15:59:18Z">
          <reporter-output>
          </reporter-output>
        </test-method> <!-- NinjaStore -->
        <test-method status="PASS" signature="stopdriver()[pri:0, instance:Tests.HomeTest@7d9d1a19]" name="stopdriver" is-config="true" duration-ms="953" started-at="2020-02-22T15:59:18Z" finished-at="2020-02-22T15:59:19Z">
          <reporter-output>
          </reporter-output>
        </test-method> <!-- stopdriver -->
      </class> <!-- Tests.HomeTest -->
    </test> <!-- Default test -->
  </suite> <!-- Default suite -->
</testng-results>
